  compilation object save succeeded; see E:\RIT\junior\GGP\d11\x64\Release\AdditiveBlend.cso
  compilation object save succeeded; see E:\RIT\junior\GGP\d11\x64\Release\defaultPixelShader.cso
  compilation object save succeeded; see E:\RIT\junior\GGP\d11\x64\Release\ExtractBrightPS.cso
  compilation object save succeeded; see E:\RIT\junior\GGP\d11\x64\Release\GaussianBlur.cso
  compilation object save succeeded; see E:\RIT\junior\GGP\d11\x64\Release\PixelShader.cso
  compilation object save succeeded; see E:\RIT\junior\GGP\d11\x64\Release\PixelShader2.cso
  compilation object save succeeded; see E:\RIT\junior\GGP\d11\x64\Release\PostProcessVS.cso
  compilation object save succeeded; see E:\RIT\junior\GGP\d11\x64\Release\VertexShader.cso
  Camera.cpp
Camera.cpp(28): warning C4305: '=': truncation from 'double' to 'float'
  DXCore.cpp
  Entity.cpp
Entity.cpp(73): warning C4244: '+=': conversion from 'double' to 'float', possible loss of data
  Game.cpp
Game.cpp(132): warning C4305: 'argument': truncation from 'double' to 'float'
Game.cpp(133): warning C4305: 'argument': truncation from 'double' to 'float'
Game.cpp(135): warning C4305: 'argument': truncation from 'double' to 'float'
Game.cpp(136): warning C4305: 'argument': truncation from 'double' to 'float'
Game.cpp(138): warning C4305: 'argument': truncation from 'double' to 'float'
Game.cpp(139): warning C4305: 'argument': truncation from 'double' to 'float'
Game.cpp(144): warning C4305: 'argument': truncation from 'double' to 'float'
Game.cpp(145): warning C4305: 'argument': truncation from 'double' to 'float'
Game.cpp(146): warning C4305: 'argument': truncation from 'double' to 'float'
Game.cpp(150): warning C4305: 'argument': truncation from 'double' to 'float'
Game.cpp(151): warning C4305: 'argument': truncation from 'double' to 'float'
Game.cpp(484): warning C4305: 'argument': truncation from 'double' to 'float'
Game.cpp(488): warning C4305: 'argument': truncation from 'double' to 'float'
Game.cpp(492): warning C4305: 'argument': truncation from 'double' to 'float'
Game.cpp(496): warning C4305: 'argument': truncation from 'double' to 'float'
Game.cpp(626): warning C4244: 'initializing': conversion from 'double' to 'float', possible loss of data
Game.cpp(627): warning C4244: 'initializing': conversion from 'double' to 'float', possible loss of data
  Main.cpp
  Material.cpp
  Mesh.cpp
Mesh.cpp(172): warning C4267: '=': conversion from 'size_t' to 'int', possible loss of data
Mesh.cpp(173): warning C4267: '=': conversion from 'size_t' to 'int', possible loss of data
  SimpleShader.cpp
  Generating code
  All 2209 functions were compiled because no usable IPDB/IOBJ from previous compilation was found.
  Finished generating code
  DX11Starter.vcxproj -> E:\RIT\junior\GGP\d11\x64\Release\DX11Starter.exe
