z:\igmprofile\courses\ggp\d11\dx11starter\x64\debug\vc141.pdb
z:\igmprofile\courses\ggp\d11\dx11starter\x64\debug\vc141.idb
z:\igmprofile\courses\ggp\d11\dx11starter\x64\debug\simpleshader.obj
z:\igmprofile\courses\ggp\d11\dx11starter\x64\debug\mesh.obj
z:\igmprofile\courses\ggp\d11\dx11starter\x64\debug\material.obj
z:\igmprofile\courses\ggp\d11\dx11starter\x64\debug\main.obj
z:\igmprofile\courses\ggp\d11\dx11starter\x64\debug\game.obj
z:\igmprofile\courses\ggp\d11\dx11starter\x64\debug\entity.obj
z:\igmprofile\courses\ggp\d11\dx11starter\x64\debug\dxcore.obj
z:\igmprofile\courses\ggp\d11\dx11starter\x64\debug\camera.obj
z:\igmprofile\courses\ggp\d11\x64\debug\blurshader.cso
z:\igmprofile\courses\ggp\d11\x64\debug\vertexshader.cso
z:\igmprofile\courses\ggp\d11\x64\debug\pixelshader.cso
z:\igmprofile\courses\ggp\d11\x64\debug\pixelshader2.cso
z:\igmprofile\courses\ggp\d11\x64\debug\defaultpixelshader.cso
z:\igmprofile\courses\ggp\d11\x64\debug\dx11starter.exe
z:\igmprofile\courses\ggp\d11\x64\debug\dx11starter.ilk
z:\igmprofile\courses\ggp\d11\x64\debug\dx11starter.pdb
z:\igmprofile\courses\ggp\d11\dx11starter\x64\debug\dx11starter.tlog\cl.command.1.tlog
z:\igmprofile\courses\ggp\d11\dx11starter\x64\debug\dx11starter.tlog\cl.read.1.tlog
z:\igmprofile\courses\ggp\d11\dx11starter\x64\debug\dx11starter.tlog\cl.write.1.tlog
z:\igmprofile\courses\ggp\d11\dx11starter\x64\debug\dx11starter.tlog\fxc.command.1.tlog
z:\igmprofile\courses\ggp\d11\dx11starter\x64\debug\dx11starter.tlog\fxc.read.1.tlog
z:\igmprofile\courses\ggp\d11\dx11starter\x64\debug\dx11starter.tlog\fxc.write.1.tlog
z:\igmprofile\courses\ggp\d11\dx11starter\x64\debug\dx11starter.tlog\link.command.1.tlog
z:\igmprofile\courses\ggp\d11\dx11starter\x64\debug\dx11starter.tlog\link.read.1.tlog
z:\igmprofile\courses\ggp\d11\dx11starter\x64\debug\dx11starter.tlog\link.write.1.tlog
